<?xml version="1.0" encoding="UTF-8"?>
<testng-results ignored="0" total="2" passed="2" failed="0" skipped="0">
  <reporter-output>
  </reporter-output>
  <suite started-at="2026-01-22T14:54:34 IST" name="Automation Suite" finished-at="2026-01-22T14:54:57 IST" duration-ms="23492">
    <groups>
    </groups>
    <test started-at="2026-01-22T14:54:34 IST" name="Login Test" finished-at="2026-01-22T14:54:57 IST" duration-ms="23492">
      <class name="tests.LoginTest">
        <test-method is-config="true" signature="setUp()[pri:0, instance:tests.LoginTest@6be968ce]" started-at="2026-01-22T14:54:35 IST" name="setUp" finished-at="2026-01-22T14:54:47 IST" duration-ms="11668" status="PASS">
          <reporter-output>
          </reporter-output>
        </test-method> <!-- setUp -->
        <test-method signature="verifyLogin(java.lang.String,java.lang.String)[pri:0, instance:tests.LoginTest@6be968ce]" started-at="2026-01-22T14:54:47 IST" name="verifyLogin" data-provider="loginData" finished-at="2026-01-22T14:54:49 IST" duration-ms="2000" status="PASS">
          <params>
            <param index="0">
              <value>
                <![CDATA[tomsmith]]>
              </value>
            </param>
            <param index="1">
              <value>
                <![CDATA[SuperSecretPassword!]]>
              </value>
            </param>
          </params>
          <reporter-output>
          </reporter-output>
        </test-method> <!-- verifyLogin -->
        <test-method is-config="true" signature="tearDown()[pri:0, instance:tests.LoginTest@6be968ce]" started-at="2026-01-22T14:54:49 IST" name="tearDown" finished-at="2026-01-22T14:54:49 IST" duration-ms="420" status="PASS">
          <reporter-output>
          </reporter-output>
        </test-method> <!-- tearDown -->
        <test-method is-config="true" signature="setUp()[pri:0, instance:tests.LoginTest@6be968ce]" started-at="2026-01-22T14:54:49 IST" name="setUp" finished-at="2026-01-22T14:54:55 IST" duration-ms="6074" status="PASS">
          <reporter-output>
          </reporter-output>
        </test-method> <!-- setUp -->
        <test-method signature="verifyLogin(java.lang.String,java.lang.String)[pri:0, instance:tests.LoginTest@6be968ce]" started-at="2026-01-22T14:54:55 IST" name="verifyLogin" data-provider="loginData" finished-at="2026-01-22T14:54:57 IST" duration-ms="1479" status="PASS">
          <params>
            <param index="0">
              <value>
                <![CDATA[tomsmith]]>
              </value>
            </param>
            <param index="1">
              <value>
                <![CDATA[wrongpass]]>
              </value>
            </param>
          </params>
          <reporter-output>
          </reporter-output>
        </test-method> <!-- verifyLogin -->
        <test-method is-config="true" signature="tearDown()[pri:0, instance:tests.LoginTest@6be968ce]" started-at="2026-01-22T14:54:57 IST" name="tearDown" finished-at="2026-01-22T14:54:57 IST" duration-ms="815" status="PASS">
          <reporter-output>
          </reporter-output>
        </test-method> <!-- tearDown -->
      </class> <!-- tests.LoginTest -->
    </test> <!-- Login Test -->
  </suite> <!-- Automation Suite -->
</testng-results>
